<?xml version="1.0" encoding="UTF-8"?>
<!-- Generated by org.testng.reporters.JUnitXMLReporter -->
<testsuite ignored="0" hostname="DESKTOP-GVVML2G" failures="0" tests="4" name="Default test" time="9.575" errors="0" timestamp="2023-10-30T16:16:32 EET">
  <testcase classname="firstassirt.theassirtionsforOrangHRM" name="Login" time="1.64"/>
  <testcase classname="firstassirt.theassirtionsforOrangHRM" name="myTest11" time="7.308"/>
  <testcase classname="firstassirt.theassirtionsforOrangHRM" name="myTest2" time="0.051"/>
  <testcase classname="firstassirt.theassirtionsforOrangHRM" name="myTest3" time="0.037"/>
</testsuite> <!-- Default test -->
