<?xml version="1.0" encoding="UTF-8"?>
<testng-results ignored="0" total="4" passed="4" failed="0" skipped="0">
  <reporter-output>
  </reporter-output>
  <suite started-at="2023-10-30T16:16:22 EET" name="Default suite" finished-at="2023-10-30T16:16:32 EET" duration-ms="9575">
    <groups>
    </groups>
    <test started-at="2023-10-30T16:16:22 EET" name="Default test" finished-at="2023-10-30T16:16:32 EET" duration-ms="9575">
      <class name="firstassirt.theassirtionsforOrangHRM">
        <test-method is-config="true" signature="MyBeforeTest()[pri:0, instance:firstassirt.theassirtionsforOrangHRM@2453f95d]" started-at="2023-10-30T16:16:22 EET" name="MyBeforeTest" finished-at="2023-10-30T16:16:22 EET" duration-ms="496" status="PASS">
          <reporter-output>
          </reporter-output>
        </test-method> <!-- MyBeforeTest -->
        <test-method signature="Login()[pri:0, instance:firstassirt.theassirtionsforOrangHRM@2453f95d]" started-at="2023-10-30T16:16:22 EET" name="Login" finished-at="2023-10-30T16:16:24 EET" duration-ms="1640" status="PASS">
          <reporter-output>
          </reporter-output>
        </test-method> <!-- Login -->
        <test-method signature="myTest11()[pri:0, instance:firstassirt.theassirtionsforOrangHRM@2453f95d]" started-at="2023-10-30T16:16:24 EET" name="myTest11" finished-at="2023-10-30T16:16:31 EET" duration-ms="7308" status="PASS">
          <reporter-output>
          </reporter-output>
        </test-method> <!-- myTest11 -->
        <test-method signature="myTest2()[pri:0, instance:firstassirt.theassirtionsforOrangHRM@2453f95d]" started-at="2023-10-30T16:16:31 EET" name="myTest2" finished-at="2023-10-30T16:16:31 EET" duration-ms="51" status="PASS">
          <reporter-output>
          </reporter-output>
        </test-method> <!-- myTest2 -->
        <test-method signature="myTest3()[pri:0, instance:firstassirt.theassirtionsforOrangHRM@2453f95d]" started-at="2023-10-30T16:16:31 EET" name="myTest3" finished-at="2023-10-30T16:16:32 EET" duration-ms="37" status="PASS">
          <reporter-output>
          </reporter-output>
        </test-method> <!-- myTest3 -->
        <test-method is-config="true" signature="myAfterTest()[pri:0, instance:firstassirt.theassirtionsforOrangHRM@2453f95d]" started-at="2023-10-30T16:16:32 EET" name="myAfterTest" finished-at="2023-10-30T16:16:32 EET" duration-ms="0" status="PASS">
          <reporter-output>
          </reporter-output>
        </test-method> <!-- myAfterTest -->
      </class> <!-- firstassirt.theassirtionsforOrangHRM -->
    </test> <!-- Default test -->
  </suite> <!-- Default suite -->
</testng-results>
